e:\university work\year 2\cmp5327 c++ programming for games a s1\milestones-blujuse\c++gameassignment\c++gameassignment\x64\debug\vc143.pdb
e:\university work\year 2\cmp5327 c++ programming for games a s1\milestones-blujuse\c++gameassignment\c++gameassignment\x64\debug\vc143.idb
e:\university work\year 2\cmp5327 c++ programming for games a s1\milestones-blujuse\c++gameassignment\c++gameassignment\x64\debug\tilemap.obj
e:\university work\year 2\cmp5327 c++ programming for games a s1\milestones-blujuse\c++gameassignment\c++gameassignment\x64\debug\player.obj
e:\university work\year 2\cmp5327 c++ programming for games a s1\milestones-blujuse\c++gameassignment\c++gameassignment\x64\debug\mapboundaries.obj
e:\university work\year 2\cmp5327 c++ programming for games a s1\milestones-blujuse\c++gameassignment\c++gameassignment\x64\debug\main.obj
e:\university work\year 2\cmp5327 c++ programming for games a s1\milestones-blujuse\c++gameassignment\c++gameassignment\x64\debug\init.obj
e:\university work\year 2\cmp5327 c++ programming for games a s1\milestones-blujuse\c++gameassignment\c++gameassignment\x64\debug\gameloop.obj
e:\university work\year 2\cmp5327 c++ programming for games a s1\milestones-blujuse\c++gameassignment\c++gameassignment\x64\debug\enemiesmovement.obj
e:\university work\year 2\cmp5327 c++ programming for games a s1\milestones-blujuse\c++gameassignment\c++gameassignment\x64\debug\enemiesmanager.obj
e:\university work\year 2\cmp5327 c++ programming for games a s1\milestones-blujuse\c++gameassignment\c++gameassignment\x64\debug\enemiesastarsearch.obj
e:\university work\year 2\cmp5327 c++ programming for games a s1\milestones-blujuse\c++gameassignment\c++gameassignment\x64\debug\bulletmanager.obj
e:\university work\year 2\cmp5327 c++ programming for games a s1\milestones-blujuse\c++gameassignment\x64\debug\c++gameassignment.exe
e:\university work\year 2\cmp5327 c++ programming for games a s1\milestones-blujuse\c++gameassignment\c++gameassignment\x64\debug\c++gameassignment.ilk
e:\university work\year 2\cmp5327 c++ programming for games a s1\milestones-blujuse\c++gameassignment\x64\debug\c++gameassignment.pdb
e:\university work\year 2\cmp5327 c++ programming for games a s1\milestones-blujuse\c++gameassignment\c++gameassignment\x64\debug\c++gamea.09340c7a.tlog\cl.command.1.tlog
e:\university work\year 2\cmp5327 c++ programming for games a s1\milestones-blujuse\c++gameassignment\c++gameassignment\x64\debug\c++gamea.09340c7a.tlog\cl.items.tlog
e:\university work\year 2\cmp5327 c++ programming for games a s1\milestones-blujuse\c++gameassignment\c++gameassignment\x64\debug\c++gamea.09340c7a.tlog\cl.read.1.tlog
e:\university work\year 2\cmp5327 c++ programming for games a s1\milestones-blujuse\c++gameassignment\c++gameassignment\x64\debug\c++gamea.09340c7a.tlog\cl.write.1.tlog
e:\university work\year 2\cmp5327 c++ programming for games a s1\milestones-blujuse\c++gameassignment\c++gameassignment\x64\debug\c++gamea.09340c7a.tlog\link.command.1.tlog
e:\university work\year 2\cmp5327 c++ programming for games a s1\milestones-blujuse\c++gameassignment\c++gameassignment\x64\debug\c++gamea.09340c7a.tlog\link.read.1.tlog
e:\university work\year 2\cmp5327 c++ programming for games a s1\milestones-blujuse\c++gameassignment\c++gameassignment\x64\debug\c++gamea.09340c7a.tlog\link.write.1.tlog
