  bulletmanager.cpp
E:\University Work\Year 2\CMP5327 C++ Programming for Games A S1\milestones-Blujuse\C++GameAssignment\C++GameAssignment\bulletmanager.cpp(22,23): warning C4244: 'initializing': conversion from 'double' to 'float', possible loss of data
E:\University Work\Year 2\CMP5327 C++ Programming for Games A S1\milestones-Blujuse\C++GameAssignment\C++GameAssignment\bulletmanager.cpp(26,29): warning C4244: '+=': conversion from 'double' to 'float', possible loss of data
E:\University Work\Year 2\CMP5327 C++ Programming for Games A S1\milestones-Blujuse\C++GameAssignment\C++GameAssignment\bulletmanager.cpp(27,29): warning C4244: '+=': conversion from 'double' to 'float', possible loss of data
E:\University Work\Year 2\CMP5327 C++ Programming for Games A S1\milestones-Blujuse\C++GameAssignment\C++GameAssignment\bulletmanager.cpp(49,33): warning C4018: '>': signed/unsigned mismatch
E:\University Work\Year 2\CMP5327 C++ Programming for Games A S1\milestones-Blujuse\C++GameAssignment\C++GameAssignment\bulletmanager.cpp(55,27): warning C4244: '=': conversion from 'double' to 'float', possible loss of data
E:\University Work\Year 2\CMP5327 C++ Programming for Games A S1\milestones-Blujuse\C++GameAssignment\C++GameAssignment\bulletmanager.cpp(56,27): warning C4244: '=': conversion from 'double' to 'float', possible loss of data
E:\University Work\Year 2\CMP5327 C++ Programming for Games A S1\milestones-Blujuse\C++GameAssignment\C++GameAssignment\bulletmanager.cpp(57,38): warning C4244: '=': conversion from 'double' to 'float', possible loss of data
E:\University Work\Year 2\CMP5327 C++ Programming for Games A S1\milestones-Blujuse\C++GameAssignment\C++GameAssignment\bulletmanager.cpp(84,14): warning C4244: '=': conversion from 'const float' to 'int', possible loss of data
E:\University Work\Year 2\CMP5327 C++ Programming for Games A S1\milestones-Blujuse\C++GameAssignment\C++GameAssignment\bulletmanager.cpp(85,14): warning C4244: '=': conversion from 'const float' to 'int', possible loss of data
  enemiesastarsearch.cpp
E:\University Work\Year 2\CMP5327 C++ Programming for Games A S1\milestones-Blujuse\C++GameAssignment\C++GameAssignment\enemiesastarsearch.cpp(44,15): warning C4244: 'return': conversion from 'int' to 'float', possible loss of data
  enemiesmanager.cpp
E:\University Work\Year 2\CMP5327 C++ Programming for Games A S1\milestones-Blujuse\C++GameAssignment\C++GameAssignment\enemiesmanager.cpp(43,29): warning C4838: conversion from 'float' to 'int' requires a narrowing conversion
E:\University Work\Year 2\CMP5327 C++ Programming for Games A S1\milestones-Blujuse\C++GameAssignment\C++GameAssignment\enemiesmanager.cpp(43,29): warning C4244: 'initializing': conversion from 'float' to 'int', possible loss of data
E:\University Work\Year 2\CMP5327 C++ Programming for Games A S1\milestones-Blujuse\C++GameAssignment\C++GameAssignment\enemiesmanager.cpp(43,34): warning C4838: conversion from 'float' to 'int' requires a narrowing conversion
E:\University Work\Year 2\CMP5327 C++ Programming for Games A S1\milestones-Blujuse\C++GameAssignment\C++GameAssignment\enemiesmanager.cpp(43,34): warning C4244: 'initializing': conversion from 'float' to 'int', possible loss of data
  enemiesmovement.cpp
E:\University Work\Year 2\CMP5327 C++ Programming for Games A S1\milestones-Blujuse\C++GameAssignment\C++GameAssignment\enemiesmovement.cpp(35,34): warning C4244: '=': conversion from 'double' to 'int', possible loss of data
E:\University Work\Year 2\CMP5327 C++ Programming for Games A S1\milestones-Blujuse\C++GameAssignment\C++GameAssignment\enemiesmovement.cpp(36,34): warning C4244: '=': conversion from 'double' to 'int', possible loss of data
  gameloop.cpp
  init.cpp
  main.cpp
  mapboundaries.cpp
  player.cpp
  tilemap.cpp
  Generating code
  0 of 458 functions ( 0.0%) were compiled, the rest were copied from previous compilation.
    0 functions were new in current compilation
    0 functions had inline decision re-evaluated but remain unchanged
  Finished generating code
  C++GameAssignment.vcxproj -> E:\University Work\Year 2\CMP5327 C++ Programming for Games A S1\milestones-Blujuse\C++GameAssignment\x64\Release\C++GameAssignment.exe
